{"/Users/jv/Desktop/project/aliba/src/_/forEach.ts": {"path":"/Users/jv/Desktop/project/aliba/src/_/forEach.ts","statementMap":{"0":{"start":{"line":5,"column":2},"end":{"line":7,"column":3}},"1":{"start":{"line":6,"column":4},"end":{"line":6,"column":40}},"2":{"start":{"line":9,"column":2},"end":{"line":11,"column":3}},"3":{"start":{"line":10,"column":4},"end":{"line":10,"column":11}},"4":{"start":{"line":13,"column":2},"end":{"line":15,"column":5}},"5":{"start":{"line":14,"column":4},"end":{"line":14,"column":35}}},"fnMap":{"0":{"name":"(anonymous_0)","decl":{"start":{"line":4,"column":15},"end":{"line":4,"column":16}},"loc":{"start":{"line":4,"column":69},"end":{"line":16,"column":1}},"line":4},"1":{"name":"(anonymous_1)","decl":{"start":{"line":13,"column":34},"end":{"line":13,"column":35}},"loc":{"start":{"line":13,"column":41},"end":{"line":15,"column":3}},"line":13}},"branchMap":{"0":{"loc":{"start":{"line":5,"column":2},"end":{"line":7,"column":3}},"type":"if","locations":[{"start":{"line":5,"column":2},"end":{"line":7,"column":3}},{"start":{"line":5,"column":2},"end":{"line":7,"column":3}}],"line":5},"1":{"loc":{"start":{"line":9,"column":2},"end":{"line":11,"column":3}},"type":"if","locations":[{"start":{"line":9,"column":2},"end":{"line":11,"column":3}},{"start":{"line":9,"column":2},"end":{"line":11,"column":3}}],"line":9}},"s":{"0":3,"1":1,"2":2,"3":1,"4":1,"5":3},"f":{"0":3,"1":3},"b":{"0":[1,2],"1":[1,1]},"_coverageSchema":"43e27e138ebf9cfc5966b082cf9a028302ed4184","hash":"ea2ed47f2d76173512c26e11757730429194c03a"}
,"/Users/jv/Desktop/project/aliba/src/_/isNotArrayObject.ts": {"path":"/Users/jv/Desktop/project/aliba/src/_/isNotArrayObject.ts","statementMap":{"0":{"start":{"line":2,"column":2},"end":{"line":2,"column":72}}},"fnMap":{"0":{"name":"(anonymous_0)","decl":{"start":{"line":1,"column":15},"end":{"line":1,"column":16}},"loc":{"start":{"line":1,"column":41},"end":{"line":3,"column":1}},"line":1}},"branchMap":{"0":{"loc":{"start":{"line":2,"column":9},"end":{"line":2,"column":71}},"type":"binary-expr","locations":[{"start":{"line":2,"column":9},"end":{"line":2,"column":32}},{"start":{"line":2,"column":36},"end":{"line":2,"column":48}},{"start":{"line":2,"column":52},"end":{"line":2,"column":71}}],"line":2}},"s":{"0":11},"f":{"0":11},"b":{"0":[11,10,7]},"_coverageSchema":"43e27e138ebf9cfc5966b082cf9a028302ed4184","hash":"627f011df40fd3dba145fe5640c1fce5174fff7d"}
,"/Users/jv/Desktop/project/aliba/src/_/map.ts": {"path":"/Users/jv/Desktop/project/aliba/src/_/map.ts","statementMap":{"0":{"start":{"line":5,"column":2},"end":{"line":7,"column":3}},"1":{"start":{"line":6,"column":4},"end":{"line":6,"column":36}},"2":{"start":{"line":9,"column":2},"end":{"line":11,"column":3}},"3":{"start":{"line":10,"column":4},"end":{"line":10,"column":14}},"4":{"start":{"line":13,"column":2},"end":{"line":15,"column":5}},"5":{"start":{"line":14,"column":4},"end":{"line":14,"column":42}}},"fnMap":{"0":{"name":"(anonymous_0)","decl":{"start":{"line":4,"column":15},"end":{"line":4,"column":16}},"loc":{"start":{"line":4,"column":75},"end":{"line":16,"column":1}},"line":4},"1":{"name":"(anonymous_1)","decl":{"start":{"line":13,"column":37},"end":{"line":13,"column":38}},"loc":{"start":{"line":13,"column":44},"end":{"line":15,"column":3}},"line":13}},"branchMap":{"0":{"loc":{"start":{"line":5,"column":2},"end":{"line":7,"column":3}},"type":"if","locations":[{"start":{"line":5,"column":2},"end":{"line":7,"column":3}},{"start":{"line":5,"column":2},"end":{"line":7,"column":3}}],"line":5},"1":{"loc":{"start":{"line":9,"column":2},"end":{"line":11,"column":3}},"type":"if","locations":[{"start":{"line":9,"column":2},"end":{"line":11,"column":3}},{"start":{"line":9,"column":2},"end":{"line":11,"column":3}}],"line":9}},"s":{"0":6,"1":1,"2":5,"3":1,"4":4,"5":9},"f":{"0":6,"1":9},"b":{"0":[1,5],"1":[1,4]},"_coverageSchema":"43e27e138ebf9cfc5966b082cf9a028302ed4184","hash":"ee728bc27c7008438a7282989db604ecdb1809fb"}
,"/Users/jv/Desktop/project/aliba/src/hyphenate-css/index.ts": {"path":"/Users/jv/Desktop/project/aliba/src/hyphenate-css/index.ts","statementMap":{"0":{"start":{"line":6,"column":2},"end":{"line":6,"column":87}},"1":{"start":{"line":6,"column":38},"end":{"line":6,"column":77}}},"fnMap":{"0":{"name":"(anonymous_0)","decl":{"start":{"line":5,"column":15},"end":{"line":5,"column":16}},"loc":{"start":{"line":6,"column":2},"end":{"line":6,"column":87}},"line":6},"1":{"name":"(anonymous_1)","decl":{"start":{"line":6,"column":13},"end":{"line":6,"column":14}},"loc":{"start":{"line":6,"column":38},"end":{"line":6,"column":77}},"line":6}},"branchMap":{},"s":{"0":1,"1":2},"f":{"0":1,"1":2},"b":{},"_coverageSchema":"43e27e138ebf9cfc5966b082cf9a028302ed4184","hash":"c4f15055e81dc0a5e92e2ae2b4adfbf7465c2baf"}
,"/Users/jv/Desktop/project/aliba/src/key-value/pair.ts": {"path":"/Users/jv/Desktop/project/aliba/src/key-value/pair.ts","statementMap":{"0":{"start":{"line":3,"column":17},"end":{"line":3,"column":20}},"1":{"start":{"line":6,"column":2},"end":{"line":6,"column":29}},"2":{"start":{"line":6,"column":19},"end":{"line":6,"column":29}},"3":{"start":{"line":8,"column":2},"end":{"line":10,"column":35}},"4":{"start":{"line":9,"column":4},"end":{"line":9,"column":45}}},"fnMap":{"0":{"name":"(anonymous_0)","decl":{"start":{"line":5,"column":15},"end":{"line":5,"column":16}},"loc":{"start":{"line":5,"column":74},"end":{"line":11,"column":1}},"line":5},"1":{"name":"(anonymous_1)","decl":{"start":{"line":8,"column":25},"end":{"line":8,"column":26}},"loc":{"start":{"line":8,"column":49},"end":{"line":10,"column":3}},"line":8}},"branchMap":{"0":{"loc":{"start":{"line":6,"column":2},"end":{"line":6,"column":29}},"type":"if","locations":[{"start":{"line":6,"column":2},"end":{"line":6,"column":29}},{"start":{"line":6,"column":2},"end":{"line":6,"column":29}}],"line":6},"1":{"loc":{"start":{"line":10,"column":10},"end":{"line":10,"column":33}},"type":"binary-expr","locations":[{"start":{"line":10,"column":10},"end":{"line":10,"column":19}},{"start":{"line":10,"column":23},"end":{"line":10,"column":33}}],"line":10}},"s":{"0":1,"1":2,"2":0,"3":2,"4":4},"f":{"0":2,"1":4},"b":{"0":[0,2],"1":[2,1]},"_coverageSchema":"43e27e138ebf9cfc5966b082cf9a028302ed4184","hash":"f0e1574a85969b23b547a57254cb0485cecf4e2b"}
,"/Users/jv/Desktop/project/aliba/src/key-value/unpair.ts": {"path":"/Users/jv/Desktop/project/aliba/src/key-value/unpair.ts","statementMap":{"0":{"start":{"line":1,"column":17},"end":{"line":1,"column":20}},"1":{"start":{"line":4,"column":2},"end":{"line":4,"column":23}},"2":{"start":{"line":4,"column":13},"end":{"line":4,"column":23}},"3":{"start":{"line":6,"column":17},"end":{"line":6,"column":19}},"4":{"start":{"line":7,"column":2},"end":{"line":13,"column":7}},"5":{"start":{"line":11,"column":27},"end":{"line":11,"column":53}},"6":{"start":{"line":12,"column":6},"end":{"line":12,"column":40}},"7":{"start":{"line":15,"column":2},"end":{"line":15,"column":16}}},"fnMap":{"0":{"name":"(anonymous_0)","decl":{"start":{"line":3,"column":15},"end":{"line":3,"column":16}},"loc":{"start":{"line":3,"column":68},"end":{"line":16,"column":1}},"line":3},"1":{"name":"(anonymous_1)","decl":{"start":{"line":10,"column":13},"end":{"line":10,"column":14}},"loc":{"start":{"line":10,"column":25},"end":{"line":13,"column":5}},"line":10}},"branchMap":{"0":{"loc":{"start":{"line":4,"column":2},"end":{"line":4,"column":23}},"type":"if","locations":[{"start":{"line":4,"column":2},"end":{"line":4,"column":23}},{"start":{"line":4,"column":2},"end":{"line":4,"column":23}}],"line":4},"1":{"loc":{"start":{"line":9,"column":11},"end":{"line":9,"column":34}},"type":"binary-expr","locations":[{"start":{"line":9,"column":11},"end":{"line":9,"column":20}},{"start":{"line":9,"column":24},"end":{"line":9,"column":34}}],"line":9}},"s":{"0":1,"1":3,"2":0,"3":3,"4":3,"5":6,"6":6,"7":3},"f":{"0":3,"1":6},"b":{"0":[0,3],"1":[3,1]},"_coverageSchema":"43e27e138ebf9cfc5966b082cf9a028302ed4184","hash":"eb3721240d9ce2e2af620dd0c1e2386217d018f5"}
,"/Users/jv/Desktop/project/aliba/src/shared/call.ts": {"path":"/Users/jv/Desktop/project/aliba/src/shared/call.ts","statementMap":{"0":{"start":{"line":2,"column":2},"end":{"line":4,"column":3}},"1":{"start":{"line":3,"column":4},"end":{"line":3,"column":23}}},"fnMap":{"0":{"name":"(anonymous_0)","decl":{"start":{"line":1,"column":15},"end":{"line":1,"column":16}},"loc":{"start":{"line":1,"column":43},"end":{"line":5,"column":1}},"line":1}},"branchMap":{"0":{"loc":{"start":{"line":2,"column":2},"end":{"line":4,"column":3}},"type":"if","locations":[{"start":{"line":2,"column":2},"end":{"line":4,"column":3}},{"start":{"line":2,"column":2},"end":{"line":4,"column":3}}],"line":2}},"s":{"0":1,"1":1},"f":{"0":1},"b":{"0":[1,0]},"_coverageSchema":"43e27e138ebf9cfc5966b082cf9a028302ed4184","hash":"334d4e5e32b144a425ca2d651d7523c5301d0929"}
,"/Users/jv/Desktop/project/aliba/src/shared/hyphenateStyleName.ts": {"path":"/Users/jv/Desktop/project/aliba/src/shared/hyphenateStyleName.ts","statementMap":{"0":{"start":{"line":8,"column":25},"end":{"line":8,"column":35}},"1":{"start":{"line":9,"column":18},"end":{"line":9,"column":24}},"2":{"start":{"line":25,"column":2},"end":{"line":28,"column":32}}},"fnMap":{"0":{"name":"hyphenateStyleName","decl":{"start":{"line":24,"column":24},"end":{"line":24,"column":42}},"loc":{"start":{"line":24,"column":65},"end":{"line":29,"column":1}},"line":24}},"branchMap":{},"s":{"0":1,"1":1,"2":2},"f":{"0":2},"b":{},"_coverageSchema":"43e27e138ebf9cfc5966b082cf9a028302ed4184","hash":"555e211afcf77310e9439d967d4bb13b828e453d"}
}
