TN:
SF:/Users/jv/Desktop/project/aliba/src/_/forEach.ts
FN:4,(anonymous_0)
FN:13,(anonymous_1)
FNF:2
FNH:2
FNDA:3,(anonymous_0)
FNDA:3,(anonymous_1)
DA:5,3
DA:6,1
DA:9,2
DA:10,1
DA:13,1
DA:14,3
LF:6
LH:6
BRDA:5,0,0,1
BRDA:5,0,1,2
BRDA:9,1,0,1
BRDA:9,1,1,1
BRF:4
BRH:4
end_of_record
TN:
SF:/Users/jv/Desktop/project/aliba/src/_/isNotArrayObject.ts
FN:1,(anonymous_0)
FNF:1
FNH:1
FNDA:11,(anonymous_0)
DA:2,11
LF:1
LH:1
BRDA:2,0,0,11
BRDA:2,0,1,10
BRDA:2,0,2,7
BRF:3
BRH:3
end_of_record
TN:
SF:/Users/jv/Desktop/project/aliba/src/_/map.ts
FN:4,(anonymous_0)
FN:13,(anonymous_1)
FNF:2
FNH:2
FNDA:6,(anonymous_0)
FNDA:9,(anonymous_1)
DA:5,6
DA:6,1
DA:9,5
DA:10,1
DA:13,4
DA:14,9
LF:6
LH:6
BRDA:5,0,0,1
BRDA:5,0,1,5
BRDA:9,1,0,1
BRDA:9,1,1,4
BRF:4
BRH:4
end_of_record
TN:
SF:/Users/jv/Desktop/project/aliba/src/hyphenate-css/index.ts
FN:5,(anonymous_0)
FN:6,(anonymous_1)
FNF:2
FNH:2
FNDA:1,(anonymous_0)
FNDA:2,(anonymous_1)
DA:6,2
LF:1
LH:1
BRF:0
BRH:0
end_of_record
TN:
SF:/Users/jv/Desktop/project/aliba/src/key-value/pair.ts
FN:5,(anonymous_0)
FN:8,(anonymous_1)
FNF:2
FNH:2
FNDA:2,(anonymous_0)
FNDA:4,(anonymous_1)
DA:3,1
DA:6,2
DA:8,2
DA:9,4
LF:4
LH:4
BRDA:6,0,0,0
BRDA:6,0,1,2
BRDA:10,1,0,2
BRDA:10,1,1,1
BRF:4
BRH:3
end_of_record
TN:
SF:/Users/jv/Desktop/project/aliba/src/key-value/unpair.ts
FN:3,(anonymous_0)
FN:10,(anonymous_1)
FNF:2
FNH:2
FNDA:3,(anonymous_0)
FNDA:6,(anonymous_1)
DA:1,1
DA:4,3
DA:6,3
DA:7,3
DA:11,6
DA:12,6
DA:15,3
LF:7
LH:7
BRDA:4,0,0,0
BRDA:4,0,1,3
BRDA:9,1,0,3
BRDA:9,1,1,1
BRF:4
BRH:3
end_of_record
TN:
SF:/Users/jv/Desktop/project/aliba/src/shared/call.ts
FN:1,(anonymous_0)
FNF:1
FNH:1
FNDA:1,(anonymous_0)
DA:2,1
DA:3,1
LF:2
LH:2
BRDA:2,0,0,1
BRDA:2,0,1,0
BRF:2
BRH:1
end_of_record
TN:
SF:/Users/jv/Desktop/project/aliba/src/shared/hyphenateStyleName.ts
FN:24,hyphenateStyleName
FNF:1
FNH:1
FNDA:2,hyphenateStyleName
DA:8,1
DA:9,1
DA:25,2
LF:3
LH:3
BRF:0
BRH:0
end_of_record
